New log file opened at Sun Jun 26 16:41:57 IST 2016 by 23480@Rominas-MBP
Taking next connection to: 50461
New client attempting to connect on port: 50462-50461
  Address = /192.168.43.141:50461
This client on port 50462 has uuid 3fcdbde1-2eef-4b55-b6cc-d0cbb68060be configName activator humanReadableName Activator protocolVersion 3 featureTags Vector()
Connected Clients: activator-3fcdbde1-2eef-4b55-b6cc-d0cbb68060be
Taking next connection to: 50461
Checking to see if clients are empty...
We have 1 non-daemon clients, continuing serving connections.
Taking next connection to: 50461
Checking to see if clients are empty...
We have 1 non-daemon clients, continuing serving connections.
Taking next connection to: 50461
Checking to see if clients are empty...
We have 1 non-daemon clients, continuing serving connections.
Taking next connection to: 50461
Checking to see if clients are empty...
We have 1 non-daemon clients, continuing serving connections.
Taking next connection to: 50461
Checking to see if clients are empty...
We have 1 non-daemon clients, continuing serving connections.
Taking next connection to: 50461
Checking to see if clients are empty...
We have 1 non-daemon clients, continuing serving connections.
Taking next connection to: 50461
Checking to see if clients are empty...
We have 1 non-daemon clients, continuing serving connections.
Taking next connection to: 50461
Checking to see if clients are empty...
We have 1 non-daemon clients, continuing serving connections.
Taking next connection to: 50461
