New log file opened at Sun Jun 26 16:41:57 IST 2016 by 23480@Rominas-MBP
jvm 23480@Rominas-MBP
jvm vmName=Java HotSpot(TM) 64-Bit Server VM vmVendor=Oracle Corporation vmVersion=25.77-b03
jvm specName=Java Virtual Machine Specification specVendor=Oracle Corporation specVersion=1.8
jvm arguments: [-Xms256m, -Xmx1024m, -XX:MetaspaceSize=64m, -XX:MaxMetaspaceSize=256m]
Starting event engine
Starting sbt command engine
Waiting for sbt command engine
Command engine arguments=List()
Command engine baseDirectory=/Users/rominaliuzzi/play/autoapp
Command engine initial remaining commands List(--initialize, onFailure load-failed, boot, server-send-ready-for-request, server-handle-next-server-request)
> --initialize
> initialize
> onFailure load-failed
> boot
> reload
[Loading] Scanning directory /Users/rominaliuzzi/play/autoapp/project
[Loading] Found non-root projects 
[Loading] Done in /Users/rominaliuzzi/play/autoapp/project, returning: ()
deducing auto plugins based on known facts Set(Atom(sbt.plugins.CorePlugin)) and clauses Clauses(List(Clause(Atom(sbt.plugins.JvmPlugin),Set(Atom(sbt.plugins.IvyPlugin))), Clause(Atom(sbt.plugins.JUnitXmlReportPlugin),Set(Atom(sbt.plugins.JvmPlugin))), Clause(Atom(sbt.plugins.CorePlugin),Set(Atom(sbt.plugins.IvyPlugin))), Clause(Atom(sbt.plugins.IvyPlugin),Set(Atom(sbt.plugins.JvmPlugin))), Clause(Atom(sbt.plugins.JvmPlugin),Set(Atom(sbt.plugins.JUnitXmlReportPlugin)))))
  :: deduced result: Matched(sbt.plugins.CorePlugin,sbt.plugins.IvyPlugin,sbt.plugins.JvmPlugin,sbt.plugins.JUnitXmlReportPlugin)
sorting: ns: List(sbt.plugins.CorePlugin, sbt.plugins.IvyPlugin, sbt.plugins.JvmPlugin, sbt.plugins.JUnitXmlReportPlugin)
  :: sorting:: found: List(sbt.plugins.CorePlugin) not found List(sbt.plugins.IvyPlugin, sbt.plugins.JvmPlugin, sbt.plugins.JUnitXmlReportPlugin)
  :: sorting:: found: List(sbt.plugins.CorePlugin, sbt.plugins.IvyPlugin) not found List(sbt.plugins.JvmPlugin, sbt.plugins.JUnitXmlReportPlugin)
  :: sorting:: found: List(sbt.plugins.CorePlugin, sbt.plugins.IvyPlugin, sbt.plugins.JvmPlugin) not found List(sbt.plugins.JUnitXmlReportPlugin)
  :: sorting:: found: List(sbt.plugins.CorePlugin, sbt.plugins.IvyPlugin, sbt.plugins.JvmPlugin, sbt.plugins.JUnitXmlReportPlugin) not found List()
  :: sorted deduced result: List(sbt.plugins.CorePlugin, sbt.plugins.IvyPlugin, sbt.plugins.JvmPlugin, sbt.plugins.JUnitXmlReportPlugin)
[Loading] Done in /Users/rominaliuzzi/play/autoapp/project, returning: (autoapp-build)
Loading project definition from /Users/rominaliuzzi/play/autoapp/project
Running task... Cancel: sbt.TaskCancellationStrategy$Null$@7f9fb0b7, check cycles: false

Initial source changes: 
	removed:Set()
	added: Set()
	modified: Set()
Removed products: Set()
External API changes: API Changes: Set()
Modified binary dependencies: Set()
Initial directly invalidated sources: Set()

Sources indirectly invalidated by:
	product: Set()
	binary dep: Set()
	external source: Set()
All initially invalidated sources: Set()

Copy resource mappings: 
	
[Loading] Scanning directory /Users/rominaliuzzi/play/autoapp
[Loading] Found non-root projects 
[Loading] Done in /Users/rominaliuzzi/play/autoapp, returning: ()
deducing auto plugins based on known facts Set(Atom(sbt.plugins.CorePlugin)) and clauses Clauses(List(Clause(Atom(sbt.plugins.JvmPlugin),Set(Atom(sbt.plugins.IvyPlugin))), Clause(Atom(sbt.plugins.JUnitXmlReportPlugin),Set(Atom(sbt.plugins.JvmPlugin))), Clause(Atom(sbt.plugins.BackgroundRunPlugin),Set(Atom(sbt.plugins.JvmPlugin))), Clause(Atom(sbt.plugins.CorePlugin),Set(Atom(sbt.plugins.IvyPlugin))), Clause(Atom(sbt.plugins.IvyPlugin),Set(Atom(sbt.plugins.JvmPlugin))), Clause(Atom(sbt.plugins.JvmPlugin),Set(Atom(sbt.plugins.JUnitXmlReportPlugin))), Clause(Atom(sbt.plugins.JvmPlugin),Set(Atom(sbt.plugins.BackgroundRunPlugin))), Clause(Atom(sbt.plugins.CorePlugin),Set(Atom(sbt.plugins.InteractionServicePlugin))), Clause(Atom(sbt.plugins.CorePlugin),Set(Atom(sbt.plugins.SendEventServicePlugin))), Clause(Atom(sbt.plugins.CorePlugin),Set(Atom(sbt.plugins.SerializersPlugin)))))
  :: deduced result: Matched(sbt.plugins.CorePlugin,sbt.plugins.SerializersPlugin,sbt.plugins.SendEventServicePlugin,sbt.plugins.InteractionServicePlugin,sbt.plugins.IvyPlugin,sbt.plugins.JvmPlugin,sbt.plugins.BackgroundRunPlugin,sbt.plugins.JUnitXmlReportPlugin)
sorting: ns: List(sbt.plugins.CorePlugin, sbt.plugins.SerializersPlugin, sbt.plugins.SendEventServicePlugin, sbt.plugins.InteractionServicePlugin, sbt.plugins.IvyPlugin, sbt.plugins.JvmPlugin, sbt.plugins.BackgroundRunPlugin, sbt.plugins.JUnitXmlReportPlugin)
  :: sorting:: found: List(sbt.plugins.CorePlugin) not found List(sbt.plugins.SerializersPlugin, sbt.plugins.SendEventServicePlugin, sbt.plugins.InteractionServicePlugin, sbt.plugins.IvyPlugin, sbt.plugins.JvmPlugin, sbt.plugins.BackgroundRunPlugin, sbt.plugins.JUnitXmlReportPlugin)
  :: sorting:: found: List(sbt.plugins.CorePlugin, sbt.plugins.SerializersPlugin, sbt.plugins.SendEventServicePlugin, sbt.plugins.InteractionServicePlugin, sbt.plugins.IvyPlugin) not found List(sbt.plugins.JvmPlugin, sbt.plugins.BackgroundRunPlugin, sbt.plugins.JUnitXmlReportPlugin)
  :: sorting:: found: List(sbt.plugins.CorePlugin, sbt.plugins.SerializersPlugin, sbt.plugins.SendEventServicePlugin, sbt.plugins.InteractionServicePlugin, sbt.plugins.IvyPlugin, sbt.plugins.JvmPlugin) not found List(sbt.plugins.BackgroundRunPlugin, sbt.plugins.JUnitXmlReportPlugin)
  :: sorting:: found: List(sbt.plugins.CorePlugin, sbt.plugins.SerializersPlugin, sbt.plugins.SendEventServicePlugin, sbt.plugins.InteractionServicePlugin, sbt.plugins.IvyPlugin, sbt.plugins.JvmPlugin, sbt.plugins.BackgroundRunPlugin, sbt.plugins.JUnitXmlReportPlugin) not found List()
  :: sorted deduced result: List(sbt.plugins.CorePlugin, sbt.plugins.SerializersPlugin, sbt.plugins.SendEventServicePlugin, sbt.plugins.InteractionServicePlugin, sbt.plugins.IvyPlugin, sbt.plugins.JvmPlugin, sbt.plugins.BackgroundRunPlugin, sbt.plugins.JUnitXmlReportPlugin)
[Loading] Done in /Users/rominaliuzzi/play/autoapp, returning: (autoapp)
Set current project to hello-play-java (in build file:/Users/rominaliuzzi/play/autoapp/)
Reapplying settings...
Set current project to hello-play-java (in build file:/Users/rominaliuzzi/play/autoapp/)
> iflast shell
> server-send-ready-for-request
> server-handle-next-server-request
> {file:/Users/rominaliuzzi/play/autoapp/}autoapp/compile:discoveredMainClasses
Evaluating tasks: compile:discoveredMainClasses
Running task... Cancel: sbt.server.ServerTaskCancellation@d03d01, check cycles: false

Initial source changes: 
	removed:Set()
	added: Set()
	modified: Set()
Removed products: Set()
External API changes: API Changes: Set()
Modified binary dependencies: Set()
Initial directly invalidated sources: Set()

Sources indirectly invalidated by:
	product: Set()
	binary dep: Set()
	external source: Set()
All initially invalidated sources: Set()

Total time: 1 s, completed 26-Jun-2016 16:42:04
> server-post-command-cleanup
> server-handle-next-server-request
> {file:/Users/rominaliuzzi/play/autoapp/}autoapp/compile:mainClass
Evaluating tasks: compile:mainClass
Running task... Cancel: sbt.server.ServerTaskCancellation@163d6350, check cycles: false
Total time: 0 s, completed 26-Jun-2016 16:42:04
> server-post-command-cleanup
> server-handle-next-server-request
> {file:/Users/rominaliuzzi/play/autoapp/}autoapp/compile:discoveredMainClasses
Evaluating tasks: compile:discoveredMainClasses
Running task... Cancel: sbt.server.ServerTaskCancellation@581429fd, check cycles: false

Initial source changes: 
	removed:Set()
	added: Set()
	modified: Set()
Removed products: Set()
External API changes: API Changes: Set()
Modified binary dependencies: Set()
Initial directly invalidated sources: Set()

Sources indirectly invalidated by:
	product: Set()
	binary dep: Set()
	external source: Set()
All initially invalidated sources: Set()

Total time: 1 s, completed 26-Jun-2016 16:42:04
> server-post-command-cleanup
> server-handle-next-server-request
> {file:/Users/rominaliuzzi/play/autoapp/}autoapp/compile:mainClass
Evaluating tasks: compile:mainClass
Running task... Cancel: sbt.server.ServerTaskCancellation@7247571a, check cycles: false
Total time: 0 s, completed 26-Jun-2016 16:42:05
> server-post-command-cleanup
> server-handle-next-server-request
> backgroundRun
Evaluating tasks: compile:backgroundRun
Running task... Cancel: sbt.server.ServerTaskCancellation@d12eabc, check cycles: false

Initial source changes: 
	removed:Set()
	added: Set()
	modified: Set()
Removed products: Set()
External API changes: API Changes: Set()
Modified binary dependencies: Set()
Initial directly invalidated sources: Set()

Sources indirectly invalidated by:
	product: Set()
	binary dep: Set()
	external source: Set()
All initially invalidated sources: Set()

Copy resource mappings: 
	(/Users/rominaliuzzi/play/autoapp/conf/application.conf,/Users/rominaliuzzi/play/autoapp/target/scala-2.10/classes/application.conf)
	(/Users/rominaliuzzi/play/autoapp/conf/routes,/Users/rominaliuzzi/play/autoapp/target/scala-2.10/classes/routes)
Copy play resource mappings: 
	(/Users/rominaliuzzi/play/autoapp/public/images/favicon.png,/Users/rominaliuzzi/play/autoapp/target/scala-2.10/classes/public/images/favicon.png)
Total time: 1 s, completed 26-Jun-2016 17:04:39
> server-post-command-cleanup
> server-handle-next-server-request
Play server process ID is 23480
[info] play - Application started (Prod)
[info] play - Listening for HTTP on /0:0:0:0:0:0:0:0:9000
